<?xml version="1.0" encoding="UTF-8"?>
<testng-results skipped="0" failed="0" total="1" passed="1">
  <reporter-output>
  </reporter-output>
  <suite name="Default suite" duration-ms="28" started-at="2017-11-02T19:44:41Z" finished-at="2017-11-02T19:44:41Z">
    <groups>
    </groups>
    <test name="Default test" duration-ms="28" started-at="2017-11-02T19:44:41Z" finished-at="2017-11-02T19:44:41Z">
      <class name="com.Etsy.ETSYTest.tests.TestBrowse">
        <test-method status="PASS" signature="browse()[pri:0, instance:com.Etsy.ETSYTest.tests.TestBrowse@ff5b51f]" name="browse" duration-ms="11" started-at="2017-11-02T19:44:41Z" finished-at="2017-11-02T19:44:41Z">
          <reporter-output>
          </reporter-output>
        </test-method> <!-- browse -->
      </class> <!-- com.Etsy.ETSYTest.tests.TestBrowse -->
    </test> <!-- Default test -->
  </suite> <!-- Default suite -->
</testng-results>
